<?xml version="1.0" encoding="UTF-8"?>
<testng-results skipped="0" failed="0" total="1" passed="1">
  <reporter-output>
  </reporter-output>
  <suite name="Default suite" duration-ms="53" started-at="2020-04-13T17:53:08Z" finished-at="2020-04-13T17:53:08Z">
    <groups>
    </groups>
    <test name="Default test" duration-ms="53" started-at="2020-04-13T17:53:08Z" finished-at="2020-04-13T17:53:08Z">
      <class name="com.freecrm.testcases.Example">
        <test-method status="PASS" signature="print()[pri:0, instance:com.freecrm.testcases.Example@7085bdee]" name="print" duration-ms="27" started-at="2020-04-13T19:53:08Z" finished-at="2020-04-13T19:53:08Z">
          <reporter-output>
          </reporter-output>
        </test-method> <!-- print -->
      </class> <!-- com.freecrm.testcases.Example -->
    </test> <!-- Default test -->
  </suite> <!-- Default suite -->
</testng-results>
